Arguments: 
  /usr/local/Cellar/nvm/0.35.3/versions/node/v10.17.0/bin/node /usr/local/Cellar/yarn/1.22.5/libexec/bin/yarn.js start

PATH: 
  /usr/local/opt/nvm/versions/node/v10.17.0/bin:/Users/admin/Desktop/google-cloud-sdk/bin:/usr/local/bin:/usr/bin:/bin:/usr/sbin:/sbin:/Library/Apple/usr/bin

Yarn version: 
  1.22.5

Node version: 
  10.17.0

Platform: 
  darwin x64

Trace: 
  SyntaxError: /Users/admin/Desktop/development/testing/docker/multi-container/worker/package.json: Unexpected token 
   in JSON at position 154
      at JSON.parse (<anonymous>)
      at /usr/local/Cellar/yarn/1.22.5/libexec/lib/cli.js:1625:59
      at Generator.next (<anonymous>)
      at step (/usr/local/Cellar/yarn/1.22.5/libexec/lib/cli.js:310:30)
      at /usr/local/Cellar/yarn/1.22.5/libexec/lib/cli.js:321:13

npm manifest: 
  {
    "name": "multi-container",
    "version": "1.0.0",
    "main": "index.js",
    "license": "MIT",
    "dependencies": {
      "redis": "^3.0.2"
    },
    "scripts:{
     "start":"nodemon index.js"
  }
  }

yarn manifest: 
  No manifest

Lockfile: 
  # THIS IS AN AUTOGENERATED FILE. DO NOT EDIT THIS FILE DIRECTLY.
  # yarn lockfile v1
  
  
  denque@^1.4.1:
    version "1.4.1"
    resolved "https://registry.yarnpkg.com/denque/-/denque-1.4.1.tgz#6744ff7641c148c3f8a69c307e51235c1f4a37cf"
    integrity sha512-OfzPuSZKGcgr96rf1oODnfjqBFmr1DVoc/TrItj3Ohe0Ah1C5WX5Baquw/9U9KovnQ88EqmJbD66rKYUQYN1tQ==
  
  redis-commands@^1.5.0:
    version "1.6.0"
    resolved "https://registry.yarnpkg.com/redis-commands/-/redis-commands-1.6.0.tgz#36d4ca42ae9ed29815cdb30ad9f97982eba1ce23"
    integrity sha512-2jnZ0IkjZxvguITjFTrGiLyzQZcTvaw8DAaCXxZq/dsHXz7KfMQ3OUJy7Tz9vnRtZRVz6VRCPDvruvU8Ts44wQ==
  
  redis-errors@^1.0.0, redis-errors@^1.2.0:
    version "1.2.0"
    resolved "https://registry.yarnpkg.com/redis-errors/-/redis-errors-1.2.0.tgz#eb62d2adb15e4eaf4610c04afe1529384250abad"
    integrity sha1-62LSrbFeTq9GEMBK/hUpOEJQq60=
  
  redis-parser@^3.0.0:
    version "3.0.0"
    resolved "https://registry.yarnpkg.com/redis-parser/-/redis-parser-3.0.0.tgz#b66d828cdcafe6b4b8a428a7def4c6bcac31c8b4"
    integrity sha1-tm2CjNyv5rS4pCin3vTGvKwxyLQ=
    dependencies:
      redis-errors "^1.0.0"
  
  redis@^3.0.2:
    version "3.0.2"
    resolved "https://registry.yarnpkg.com/redis/-/redis-3.0.2.tgz#bd47067b8a4a3e6a2e556e57f71cc82c7360150a"
    integrity sha512-PNhLCrjU6vKVuMOyFu7oSP296mwBkcE6lrAjruBYG5LgdSqtRBoVQIylrMyVZD/lkF24RSNNatzvYag6HRBHjQ==
    dependencies:
      denque "^1.4.1"
      redis-commands "^1.5.0"
      redis-errors "^1.2.0"
      redis-parser "^3.0.0"
